<?xml version="1.0" encoding="UTF-8" ?>
<testsuite tests="4" failures="0" name="com.qa.ims.controllers.ItemControllerTest" time="0.062" errors="0" skipped="0">
  <properties>
[...]
</properties>
  <testcase classname="com.qa.ims.controllers.ItemControllerTest" name="testReadAll" time="0.043"/>
  <testcase classname="com.qa.ims.controllers.ItemControllerTest" name="testCreate" time="0.009"/>
  <testcase classname="com.qa.ims.controllers.ItemControllerTest" name="testDelete" time="0.003"/>
  <testcase classname="com.qa.ims.controllers.ItemControllerTest" name="testUpdate" time="0.007"/>
</testsuite>